<?xml version="1.0" encoding="UTF-8"?>
<!-- Generated by org.testng.reporters.JUnitReportReporter -->
<testsuite hostname="lin-nuc" name="com.epiphan.qa.tests.LoginTest" tests="1" failures="1" timestamp="7 May 2015 19:16:30 GMT" time="0.000" errors="0">
  <testcase name="logIn" time="0.000" classname="com.epiphan.qa.tests.LoginTest">
    <failure type="org.testng.TestNGException" message="
Method public void com.epiphan.qa.tests.LoginTest.logIn(com.epiphan.qa.tests.TestEnvironment) requires a @DataProvider named : env">
      <![CDATA[org.testng.TestNGException: 
Method public void com.epiphan.qa.tests.LoginTest.logIn(com.epiphan.qa.tests.TestEnvironment) requires a @DataProvider named : env
	at org.testng.internal.Parameters.findDataProvider(Parameters.java:269)
	at org.testng.internal.Parameters.handleParameters(Parameters.java:419)
	at org.testng.internal.Invoker.handleParameters(Invoker.java:1335)
	at org.testng.internal.Invoker.createParameters(Invoker.java:1051)
	at org.testng.internal.Invoker.invokeTestMethods(Invoker.java:1140)
	at org.testng.internal.TestMethodWorker.invokeTestMethods(TestMethodWorker.java:124)
	at org.testng.internal.TestMethodWorker.run(TestMethodWorker.java:108)
	at java.util.concurrent.ThreadPoolExecutor.runWorker(ThreadPoolExecutor.java:1145)
	at java.util.concurrent.ThreadPoolExecutor$Worker.run(ThreadPoolExecutor.java:615)
	at java.lang.Thread.run(Thread.java:745)
]]>
    </failure>
  </testcase> <!-- logIn -->
</testsuite> <!-- com.epiphan.qa.tests.LoginTest -->
