<?xml version="1.0" encoding="UTF-8"?>
<!-- Generated by org.testng.reporters.JUnitReportReporter -->
<testsuite hostname="lin-nuc" name="com.epiphan.qa.tests.LoginTest" tests="1" failures="0" timestamp="7 May 2015 19:06:42 GMT" time="19.257" errors="0">
  <testcase name="logIn" time="19.257" classname="com.epiphan.qa.tests.LoginTest"/>
</testsuite> <!-- com.epiphan.qa.tests.LoginTest -->
