<?xml version="1.0" encoding="UTF-8"?>
<!-- Generated by org.testng.reporters.JUnitReportReporter -->
<testsuite hostname="lin-nuc" name="com.epiphan.qa.tests.SeleniumTest" tests="1" failures="0" timestamp="4 May 2015 17:50:59 GMT" time="3.592" errors="0">
  <testcase name="login" time="3.592" classname="com.epiphan.qa.tests.SeleniumTest"/>
</testsuite> <!-- com.epiphan.qa.tests.SeleniumTest -->
